<?xml version="1.0" encoding="UTF-8"?>
<testng-results ignored="0" total="1" passed="1" failed="0" skipped="0">
  <reporter-output>
    <line>
      <![CDATA[openBrowser]]>
    </line>
    <line>
      <![CDATA[login]]>
    </line>
    <line>
      <![CDATA[Create Customer]]>
    </line>
    <line>
      <![CDATA[logout]]>
    </line>
    <line>
      <![CDATA[closeBrowser]]>
    </line>
  </reporter-output>
  <suite started-at="2023-07-25T11:03:07 IST" name="Default suite" finished-at="2023-07-25T11:04:11 IST" duration-ms="63301">
    <groups>
    </groups>
    <test started-at="2023-07-25T11:03:07 IST" name="Default test" finished-at="2023-07-25T11:04:11 IST" duration-ms="63301">
      <class name="com.actitime.TestScript.CustomerModule">
        <test-method is-config="true" signature="openBrowser()[pri:0, instance:com.actitime.TestScript.CustomerModule@7e6f74c]" started-at="2023-07-25T11:03:07 IST" name="openBrowser" finished-at="2023-07-25T11:03:13 IST" duration-ms="5955" status="PASS">
          <reporter-output>
            <line>
              <![CDATA[openBrowser]]>
            </line>
          </reporter-output>
        </test-method> <!-- openBrowser -->
        <test-method is-config="true" signature="login()[pri:0, instance:com.actitime.TestScript.CustomerModule@7e6f74c]" started-at="2023-07-25T11:03:13 IST" name="login" finished-at="2023-07-25T11:03:25 IST" duration-ms="11161" status="PASS">
          <reporter-output>
            <line>
              <![CDATA[login]]>
            </line>
          </reporter-output>
        </test-method> <!-- login -->
        <test-method signature="testCreateCustomer()[pri:0, instance:com.actitime.TestScript.CustomerModule@7e6f74c]" started-at="2023-07-25T11:03:25 IST" name="testCreateCustomer" finished-at="2023-07-25T11:04:04 IST" duration-ms="38919" status="PASS">
          <reporter-output>
            <line>
              <![CDATA[Create Customer]]>
            </line>
          </reporter-output>
        </test-method> <!-- testCreateCustomer -->
        <test-method is-config="true" signature="logout()[pri:0, instance:com.actitime.TestScript.CustomerModule@7e6f74c]" started-at="2023-07-25T11:04:04 IST" name="logout" finished-at="2023-07-25T11:04:08 IST" duration-ms="4139" status="PASS">
          <reporter-output>
            <line>
              <![CDATA[logout]]>
            </line>
          </reporter-output>
        </test-method> <!-- logout -->
        <test-method is-config="true" signature="closeBrowser()[pri:0, instance:com.actitime.TestScript.CustomerModule@7e6f74c]" started-at="2023-07-25T11:04:08 IST" name="closeBrowser" finished-at="2023-07-25T11:04:11 IST" duration-ms="3003" status="PASS">
          <reporter-output>
            <line>
              <![CDATA[closeBrowser]]>
            </line>
          </reporter-output>
        </test-method> <!-- closeBrowser -->
      </class> <!-- com.actitime.TestScript.CustomerModule -->
    </test> <!-- Default test -->
  </suite> <!-- Default suite -->
</testng-results>
